<?xml version="1.0" encoding="UTF-8"?>
<!-- Generated by org.testng.reporters.JUnitXMLReporter -->
<testsuite hostname="ALIPL0932.local" ignored="2" name="WordPress Account" tests="0" failures="0" timestamp="02 Feb 2021 04:07:38 GMT" time="0.109" errors="0">
  <testcase name="@AfterTest stopAppiumServer" time="0.0" classname="com.ui.core.framework.base.BaseTest">
    <ignored/>
  </testcase> <!-- @AfterTest stopAppiumServer -->
  <testcase name="@BeforeTest startAppiumServer" time="0.0" classname="com.ui.core.framework.base.BaseTest">
    <ignored/>
  </testcase> <!-- @BeforeTest startAppiumServer -->
</testsuite> <!-- WordPress Account -->
